
<<<<<<< HEAD
> simrs@1.0.0 start /usr/share/app/front-new/front
=======
> simrs@1.0.0 start /media/refli/DATA2/Work/HARKIT/application/front
>>>>>>> 399bee7fe0df126529c6f9956470a95eef6add6c
> concurrently "npm run run-app" "npm run watch-css" && forever start --minUptime 1000 --spinSleepTime 1000 ./bin/www 

events.js:174
      throw er; // Unhandled 'error' event
      ^

Error: EBADF: bad file descriptor, read
Emitted 'error' event at:
    at lazyFs.read (internal/fs/streams.js:165:12)
    at FSReqWrap.wrapper [as oncomplete] (fs.js:467:17)
npm ERR! code ELIFECYCLE
npm ERR! errno 1
npm ERR! simrs@1.0.0 start: `concurrently "npm run run-app" "npm run watch-css" && forever start --minUptime 1000 --spinSleepTime 1000 ./bin/www `
npm ERR! Exit status 1
npm ERR! 
npm ERR! Failed at the simrs@1.0.0 start script.
npm ERR! This is probably not a problem with npm. There is likely additional logging output above.

npm ERR! A complete log of this run can be found in:
<<<<<<< HEAD
npm ERR!     /root/.npm/_logs/2020-03-06T03_51_41_617Z-debug.log

> simrs@1.0.0 start /usr/share/app/front-new/front
=======
npm ERR!     /home/refli/.npm/_logs/2020-09-15T00_43_45_573Z-debug.log

> simrs@1.0.0 start /media/refli/DATA2/Work/HARKIT/application/front
>>>>>>> 399bee7fe0df126529c6f9956470a95eef6add6c
> concurrently "npm run run-app" "npm run watch-css" && forever start --minUptime 1000 --spinSleepTime 1000 ./bin/www 

events.js:174
      throw er; // Unhandled 'error' event
      ^

Error: EBADF: bad file descriptor, read
Emitted 'error' event at:
    at lazyFs.read (internal/fs/streams.js:165:12)
    at FSReqWrap.wrapper [as oncomplete] (fs.js:467:17)
npm ERR! code ELIFECYCLE
npm ERR! errno 1
npm ERR! simrs@1.0.0 start: `concurrently "npm run run-app" "npm run watch-css" && forever start --minUptime 1000 --spinSleepTime 1000 ./bin/www `
npm ERR! Exit status 1
npm ERR! 
npm ERR! Failed at the simrs@1.0.0 start script.
npm ERR! This is probably not a problem with npm. There is likely additional logging output above.

npm ERR! A complete log of this run can be found in:
<<<<<<< HEAD
npm ERR!     /root/.npm/_logs/2020-03-10T02_28_42_190Z-debug.log

> simrs@1.0.0 start /usr/share/app/front-new/front
> concurrently "npm run run-app" "npm run watch-css" && forever start --minUptime 1000 --spinSleepTime 1000 ./bin/www 

events.js:174
      throw er; // Unhandled 'error' event
      ^

Error: EBADF: bad file descriptor, read
Emitted 'error' event at:
    at lazyFs.read (internal/fs/streams.js:165:12)
    at FSReqWrap.wrapper [as oncomplete] (fs.js:467:17)
npm ERR! code ELIFECYCLE
npm ERR! errno 1
npm ERR! simrs@1.0.0 start: `concurrently "npm run run-app" "npm run watch-css" && forever start --minUptime 1000 --spinSleepTime 1000 ./bin/www `
npm ERR! Exit status 1
npm ERR! 
npm ERR! Failed at the simrs@1.0.0 start script.
npm ERR! This is probably not a problem with npm. There is likely additional logging output above.

npm ERR! A complete log of this run can be found in:
npm ERR!     /root/.npm/_logs/2020-03-20T07_37_00_799Z-debug.log

> simrs@1.0.0 start /usr/share/app/front-new/front
> concurrently "npm run run-app" "npm run watch-css" && forever start --minUptime 1000 --spinSleepTime 1000 ./bin/www 

events.js:174
      throw er; // Unhandled 'error' event
      ^

Error: EBADF: bad file descriptor, read
Emitted 'error' event at:
    at lazyFs.read (internal/fs/streams.js:165:12)
    at FSReqWrap.wrapper [as oncomplete] (fs.js:467:17)
npm ERR! code ELIFECYCLE
npm ERR! errno 1
npm ERR! simrs@1.0.0 start: `concurrently "npm run run-app" "npm run watch-css" && forever start --minUptime 1000 --spinSleepTime 1000 ./bin/www `
npm ERR! Exit status 1
npm ERR! 
npm ERR! Failed at the simrs@1.0.0 start script.
npm ERR! This is probably not a problem with npm. There is likely additional logging output above.

npm ERR! A complete log of this run can be found in:
npm ERR!     /root/.npm/_logs/2020-05-18T02_50_57_774Z-debug.log

> simrs@1.0.0 start /usr/share/app/front-new/front
> concurrently "npm run run-app" "npm run watch-css" && forever start --minUptime 1000 --spinSleepTime 1000 ./bin/www 

events.js:174
      throw er; // Unhandled 'error' event
      ^

Error: EBADF: bad file descriptor, read
Emitted 'error' event at:
    at lazyFs.read (internal/fs/streams.js:165:12)
    at FSReqWrap.wrapper [as oncomplete] (fs.js:467:17)
npm ERR! code ELIFECYCLE
npm ERR! errno 1
npm ERR! simrs@1.0.0 start: `concurrently "npm run run-app" "npm run watch-css" && forever start --minUptime 1000 --spinSleepTime 1000 ./bin/www `
npm ERR! Exit status 1
npm ERR! 
npm ERR! Failed at the simrs@1.0.0 start script.
npm ERR! This is probably not a problem with npm. There is likely additional logging output above.

npm ERR! A complete log of this run can be found in:
npm ERR!     /root/.npm/_logs/2020-06-19T00_46_25_422Z-debug.log

> simrs@1.0.0 start /usr/share/app/front-new/front
> concurrently "npm run run-app" "npm run watch-css" && forever start --minUptime 1000 --spinSleepTime 1000 ./bin/www 

events.js:174
      throw er; // Unhandled 'error' event
      ^

Error: EBADF: bad file descriptor, read
Emitted 'error' event at:
    at lazyFs.read (internal/fs/streams.js:165:12)
    at FSReqWrap.wrapper [as oncomplete] (fs.js:467:17)
npm ERR! code ELIFECYCLE
npm ERR! errno 1
npm ERR! simrs@1.0.0 start: `concurrently "npm run run-app" "npm run watch-css" && forever start --minUptime 1000 --spinSleepTime 1000 ./bin/www `
npm ERR! Exit status 1
npm ERR! 
npm ERR! Failed at the simrs@1.0.0 start script.
npm ERR! This is probably not a problem with npm. There is likely additional logging output above.

npm ERR! A complete log of this run can be found in:
npm ERR!     /root/.npm/_logs/2020-09-15T00_13_32_039Z-debug.log

> simrs@1.0.0 start /usr/share/app/front-new/front
> concurrently "npm run run-app" "npm run watch-css" && forever start --minUptime 1000 --spinSleepTime 1000 ./bin/www 

events.js:174
      throw er; // Unhandled 'error' event
      ^

Error: EBADF: bad file descriptor, read
Emitted 'error' event at:
    at lazyFs.read (internal/fs/streams.js:165:12)
    at FSReqWrap.wrapper [as oncomplete] (fs.js:467:17)
npm ERR! code ELIFECYCLE
npm ERR! errno 1
npm ERR! simrs@1.0.0 start: `concurrently "npm run run-app" "npm run watch-css" && forever start --minUptime 1000 --spinSleepTime 1000 ./bin/www `
npm ERR! Exit status 1
npm ERR! 
npm ERR! Failed at the simrs@1.0.0 start script.
npm ERR! This is probably not a problem with npm. There is likely additional logging output above.

npm ERR! A complete log of this run can be found in:
npm ERR!     /root/.npm/_logs/2020-10-19T05_06_13_782Z-debug.log
=======
npm ERR!     /home/refli/.npm/_logs/2020-09-16T00_27_53_705Z-debug.log
>>>>>>> 399bee7fe0df126529c6f9956470a95eef6add6c

> simrs@1.0.0 start /usr/share/app/front-new/front
> concurrently "npm run run-app" "npm run watch-css" && forever start --minUptime 1000 --spinSleepTime 1000 ./bin/www 

events.js:174
      throw er; // Unhandled 'error' event
      ^

Error: EBADF: bad file descriptor, read
Emitted 'error' event at:
    at lazyFs.read (internal/fs/streams.js:165:12)
    at FSReqWrap.wrapper [as oncomplete] (fs.js:467:17)
npm ERR! code ELIFECYCLE
npm ERR! errno 1
npm ERR! simrs@1.0.0 start: `concurrently "npm run run-app" "npm run watch-css" && forever start --minUptime 1000 --spinSleepTime 1000 ./bin/www `
npm ERR! Exit status 1
npm ERR! 
npm ERR! Failed at the simrs@1.0.0 start script.
npm ERR! This is probably not a problem with npm. There is likely additional logging output above.

npm ERR! A complete log of this run can be found in:
npm ERR!     /root/.npm/_logs/2020-11-03T00_30_48_025Z-debug.log
