0 info it worked if it ends with ok
1 verbose cli [ '/usr/bin/nodejs', '/usr/bin/npm', 'run', 'run-app' ]
2 info using npm@1.4.21
3 info using node@v0.10.29
4 verbose run-script [ 'prerun-app', 'run-app', 'postrun-app' ]
5 info prerun-app simrs@1.0.0
6 info run-app simrs@1.0.0
7 verbose unsafe-perm in lifecycle true
8 info simrs@1.0.0 Failed to exec run-app script
9 error simrs@1.0.0 run-app: `nodemon ./bin/www`
9 error Exit status 8
10 error Failed at the simrs@1.0.0 run-app script.
10 error This is most likely a problem with the simrs package,
10 error not with npm itself.
10 error Tell the author that this fails on your system:
10 error     nodemon ./bin/www
10 error You can get their info via:
10 error     npm owner ls simrs
10 error There is likely additional logging output above.
11 error System Linux 3.16.0-4-amd64
12 error command "/usr/bin/nodejs" "/usr/bin/npm" "run" "run-app"
13 error cwd /usr/share/app/front/Main
14 error node -v v0.10.29
15 error npm -v 1.4.21
16 error code ELIFECYCLE
17 verbose exit [ 1, true ]
